<?xml version="1.0" encoding="UTF-8"?>
<!-- Generated by org.testng.reporters.JUnitReportReporter -->
<testsuite hostname="kalpesh16" failures="0" tests="1" name="TestCases.ExecuteTest" time="11.458" errors="0" timestamp="05 Jan 2022 11:33:50 GMT" skipped="0">
  <testcase classname="TestCases.ExecuteTest" name="testLogin" time="11.458"/>
</testsuite> <!-- TestCases.ExecuteTest -->
